<?xml version="1.0" encoding="UTF-8"?>
<testsuite name="Regression Test"
           tests="5"
           failures="0"
           errors="0"
           skipped="0"
           time="6.880">
  <properties />
  
  
            <testcase name="verifyUserShouldNavigateToComputerPageSuccessfully" time="0.666" classname="com.nopcommerce.demo.testsuite.ComputerPageTest" />
                <testcase name="verifyThatUserShouldBuildYouOwnComputerAndAddThemToCartSuccessfully" time="1.930" classname="com.nopcommerce.demo.testsuite.ComputerPageTest" />
                <testcase name="verifyThatUserShouldBuildYouOwnComputerAndAddThemToCartSuccessfully" time="1.565" classname="com.nopcommerce.demo.testsuite.ComputerPageTest" />
                <testcase name="verifyUserShouldNavigateToDesktopsPageSuccessfully" time="0.839" classname="com.nopcommerce.demo.testsuite.ComputerPageTest" />
                <testcase name="verifyThatUserShouldBuildYouOwnComputerAndAddThemToCartSuccessfully" time="1.880" classname="com.nopcommerce.demo.testsuite.ComputerPageTest" />
      
</testsuite>
